

*******************************************************************************
Sun Feb 15 16:00:16 2026


FIT:    data read from "quickSort.CPUtimes" using 1:2
        format = x:z
        #datapoints = 6
        residuals are weighted equally (unit weight)

function used for fitting: y(x)
	y(x)=a*x*x + b*x + c
fitted parameters initialized with current variable values

iter      chisq       delta/lim  lambda   a             b             c            
   0 1.2895234323e+24   0.00e+00  2.68e+11    1.000000e+00   1.000000e+00   1.000000e+00
   4 1.1929940500e+11  -3.62e-01  2.68e+07   -1.021669e-06   9.999973e-01   1.000000e+00

After 4 iterations the fit converged.
final sum of squares of residuals : 1.19299e+11
rel. change during last iteration : -3.61621e-06

degrees of freedom    (FIT_NDF)                        : 3
rms of residuals      (FIT_STDFIT) = sqrt(WSSR/ndf)    : 199415
variance of residuals (reduced chisquare) = WSSR/ndf   : 3.97665e+10

Final set of parameters            Asymptotic Standard Error
=======================            ==========================
a               = -1.02167e-06     +/- 8.446e-07    (82.67%)
b               = 0.999997         +/- 0.9379       (93.79%)
c               = 1                +/- 1.556e+05    (1.556e+07%)

correlation matrix of the fit parameters:
                a      b      c      
a               1.000 
b              -0.970  1.000 
c               0.685 -0.788  1.000 


*******************************************************************************
Sun Feb 15 16:05:04 2026


FIT:    data read from "quickSort.CPUtimes" using 1:2
        format = x:z
        #datapoints = 6
        residuals are weighted equally (unit weight)

function used for fitting: y(x)
	y(x)=a*x*log(x) + b
fitted parameters initialized with current variable values

iter      chisq       delta/lim  lambda   a             b            
   0 2.7270377687e+14   0.00e+00  4.77e+06    1.000000e+00   1.000000e+00
   4 1.6022463676e+01  -4.90e-01  4.77e+02    8.447378e-06   1.000000e+00

After 4 iterations the fit converged.
final sum of squares of residuals : 16.0225
rel. change during last iteration : -4.90437e-06

degrees of freedom    (FIT_NDF)                        : 4
rms of residuals      (FIT_STDFIT) = sqrt(WSSR/ndf)    : 2.0014
variance of residuals (reduced chisquare) = WSSR/ndf   : 4.00562

Final set of parameters            Asymptotic Standard Error
=======================            ==========================
a               = 8.44738e-06      +/- 1.644e-07    (1.946%)
b               = 1                +/- 1.108        (110.8%)

correlation matrix of the fit parameters:
                a      b      
a               1.000 
b              -0.675  1.000 


*******************************************************************************
Sun Feb 15 16:05:34 2026


FIT:    data read from "quickSort.CPUtimes" using 1:2
        format = x:z
        #datapoints = 6
        residuals are weighted equally (unit weight)

function used for fitting: y(x)
	y(x)=a*x*log(x)
fitted parameters initialized with current variable values

iter      chisq       delta/lim  lambda   a             b            
   0 2.7270372222e+14   0.00e+00  4.77e+06    1.000000e+00   1.000000e+00
BREAK: Singular matrix in Invert_RtR

*******************************************************************************
Sun Feb 15 16:05:54 2026


FIT:    data read from "quickSort.CPUtimes" using 1:2
        format = x:z
        #datapoints = 6
        residuals are weighted equally (unit weight)

function used for fitting: y(x)
	y(x)=a*x*log(x) + b
fitted parameters initialized with current variable values

iter      chisq       delta/lim  lambda   a             b            
   0 2.7270377687e+14   0.00e+00  4.77e+06    1.000000e+00   1.000000e+00
   4 1.6022463676e+01  -4.90e-01  4.77e+02    8.447378e-06   1.000000e+00

After 4 iterations the fit converged.
final sum of squares of residuals : 16.0225
rel. change during last iteration : -4.90437e-06

degrees of freedom    (FIT_NDF)                        : 4
rms of residuals      (FIT_STDFIT) = sqrt(WSSR/ndf)    : 2.0014
variance of residuals (reduced chisquare) = WSSR/ndf   : 4.00562

Final set of parameters            Asymptotic Standard Error
=======================            ==========================
a               = 8.44738e-06      +/- 1.644e-07    (1.946%)
b               = 1                +/- 1.108        (110.8%)

correlation matrix of the fit parameters:
                a      b      
a               1.000 
b              -0.675  1.000 
